17:59:56 **** Incremental Build of configuration Debug for project random_numbers ****
make all 
Building file: ../main.c
Invoking: GCC C Compiler
gcc -O0 -g3 -Wall -c -fmessage-length=0 -MMD -MP -MF"main.d" -MT"main.o" -o "main.o" "../main.c"
../main.c: In function ‘main’:
../main.c:49:3: warning: implicit declaration of function ‘sleep’ [-Wimplicit-function-declaration]
   sleep(1);
   ^~~~~
Finished building: ../main.c
 
Building target: random_numbers
Invoking: GCC C Linker
gcc  -o "random_numbers"  ./main.o   
Finished building target: random_numbers
 
17:59:57 **** Incremental Build of configuration Debug for project random_numbers ****
make all 
make: Цель «all» не требует выполнения команд.
14:13:29 **** Incremental Build of configuration Debug for project random_numbers ****
make all 
make: Цель «all» не требует выполнения команд.
